<?xml version="1.0" encoding="UTF-8"?>
<robot generator="Robot 7.3.2 (Python 3.12.3 on linux)" generated="2025-11-25T12:29:38.036998" rpa="false" schemaversion="5">
<suite id="s1" name="Fw upgrade" source="/workspace/tests/White_label_ATS-WREQ-130BE/Fw_upgrade.robot">
<test id="s1-t1" name="FW upgrade Controller" line="21">
<kw name="FW upgrade Controller">
<kw name="Wait Until Keyword Succeeds" owner="BuiltIn">
<kw name="Retry FW upgrade Controller">
<kw name="Login GUI">
<kw name="Open Browser" owner="SeleniumLibrary">
<msg time="2025-11-25T12:29:38.384696" level="INFO">Opening browser 'firefox' to base url 'http://www.google.com'.</msg>
<arg>http://${DUT_IP}</arg>
<doc>Opens a new browser instance to the optional ``url``.</doc>
<status status="PASS" start="2025-11-25T12:29:38.384483" elapsed="7.350010"/>
</kw>
<kw name="Sleep" owner="BuiltIn">
<msg time="2025-11-25T12:29:48.735213" level="INFO">Slept 3 seconds.</msg>
<arg>3</arg>
<doc>Pauses the test executed for the given time.</doc>
<status status="PASS" start="2025-11-25T12:29:45.734805" elapsed="3.000554"/>
</kw>
<kw name="Input Text" owner="SeleniumLibrary">
<msg time="2025-11-25T12:29:48.736138" level="INFO">Typing text 'admin' into text field 'xpath=//*[@id="acnt_username"]'.</msg>
<msg time="2025-11-25T12:29:48.775601" level="INFO" html="true">&lt;/td&gt;&lt;/tr&gt;&lt;tr&gt;&lt;td colspan="3"&gt;&lt;a href="selenium-screenshot-4.png"&gt;&lt;img src="selenium-screenshot-4.png" width="800px"&gt;&lt;/a&gt;</msg>
<msg time="2025-11-25T12:29:48.775757" level="FAIL">Element with locator 'xpath=//*[@id="acnt_username"]' not found.</msg>
<arg>xpath=//*[@id="acnt_username"]</arg>
<arg>admin</arg>
<doc>Types the given ``text`` into the text field identified by ``locator``.</doc>
<status status="FAIL" start="2025-11-25T12:29:48.735615" elapsed="0.041415">Element with locator 'xpath=//*[@id="acnt_username"]' not found.</status>
</kw>
<kw name="Sleep" owner="BuiltIn">
<arg>1</arg>
<doc>Pauses the test executed for the given time.</doc>
<status status="NOT RUN" start="2025-11-25T12:29:48.777212" elapsed="0.000041"/>
</kw>
<kw name="Input Text" owner="SeleniumLibrary">
<arg>xpath=//*[@id="acnt_passwd"]</arg>
<arg>admin</arg>
<doc>Types the given ``text`` into the text field identified by ``locator``.</doc>
<status status="NOT RUN" start="2025-11-25T12:29:48.777361" elapsed="0.000031"/>
</kw>
<kw name="Sleep" owner="BuiltIn">
<arg>1</arg>
<doc>Pauses the test executed for the given time.</doc>
<status status="NOT RUN" start="2025-11-25T12:29:48.777484" elapsed="0.000026"/>
</kw>
<kw name="Click Element" owner="SeleniumLibrary">
<arg>xpath=//*[@id="myButton"]</arg>
<doc>Click the element identified by ``locator``.</doc>
<status status="NOT RUN" start="2025-11-25T12:29:48.777602" elapsed="0.000027"/>
</kw>
<kw name="Sleep" owner="BuiltIn">
<arg>15</arg>
<doc>Pauses the test executed for the given time.</doc>
<status status="NOT RUN" start="2025-11-25T12:29:48.777714" elapsed="0.000026"/>
</kw>
<kw name="Wait Until Element Is Visible" owner="SeleniumLibrary">
<arg>xpath=//*[@id="menu_basic_setting"]</arg>
<arg>timeout=60</arg>
<doc>Waits until the element ``locator`` is visible.</doc>
<status status="NOT RUN" start="2025-11-25T12:29:48.777830" elapsed="0.000026"/>
</kw>
<kw name="Execute Javascript" owner="SeleniumLibrary">
<arg>document.body.style.zoom='0.5'</arg>
<doc>Executes the given JavaScript code with possible arguments.</doc>
<status status="NOT RUN" start="2025-11-25T12:29:48.778005" elapsed="0.000027"/>
</kw>
<kw name="Sleep" owner="BuiltIn">
<arg>1</arg>
<doc>Pauses the test executed for the given time.</doc>
<status status="NOT RUN" start="2025-11-25T12:29:48.778131" elapsed="0.000024"/>
</kw>
<arg>${HOST}</arg>
<status status="FAIL" start="2025-11-25T12:29:38.384198" elapsed="10.394069">Element with locator 'xpath=//*[@id="acnt_username"]' not found.</status>
</kw>
<kw name="Fw upgrade">
<status status="NOT RUN" start="2025-11-25T12:29:48.778439" elapsed="0.000037"/>
</kw>
<kw name="Close All Browsers" owner="SeleniumLibrary">
<doc>Closes all open browsers and resets the browser cache.</doc>
<status status="NOT RUN" start="2025-11-25T12:29:48.778574" elapsed="0.000028"/>
</kw>
<kw name="Check FW upgrade successful">
<arg>${HOST}</arg>
<status status="NOT RUN" start="2025-11-25T12:29:48.778721" elapsed="0.000029"/>
</kw>
<status status="FAIL" start="2025-11-25T12:29:38.383870" elapsed="10.394971">Element with locator 'xpath=//*[@id="acnt_username"]' not found.</status>
</kw>
<errors>
<msg time="2025-11-25T12:29:50.943387" level="ERROR">Execution stopped by user.</msg>
</errors>
</robot>
