<?xml version="1.0" encoding="UTF-8"?>
<robot generator="Robot 7.3.2 (Python 3.12.3 on linux)" generated="2025-11-25T12:25:58.570983" rpa="false" schemaversion="5">
<suite id="s1" name="Fw upgrade" source="/workspace/tests/White_label_ATS-WREQ-130BE/Fw_upgrade.robot">
<test id="s1-t1" name="FW upgrade Controller" line="20">
<kw name="FW upgrade Controller">
<kw name="Wait Until Keyword Succeeds" owner="BuiltIn">
<kw name="Retry FW upgrade Controller">
<kw name="Login GUI">
<kw name="Open Browser" owner="SeleniumLibrary">
<msg time="2025-11-25T12:25:58.963865" level="INFO">Opening browser 'firefox' to base url 'http://192.168.1.1'.</msg>
<msg time="2025-11-25T12:26:05.450330" level="INFO">Cannot capture screenshot because no browser is open.</msg>
<msg time="2025-11-25T12:26:05.450518" level="FAIL">NoSuchDriverException: Message: Unable to obtain driver for firefox; For documentation on this error, please visit: https://www.selenium.dev/documentation/webdriver/troubleshooting/errors/driver_location
</msg>
<arg>http://${DUT_IP}</arg>
<doc>Opens a new browser instance to the optional ``url``.</doc>
<status status="FAIL" start="2025-11-25T12:25:58.963602" elapsed="6.490209">NoSuchDriverException: Message: Unable to obtain driver for firefox; For documentation on this error, please visit: https://www.selenium.dev/documentation/webdriver/troubleshooting/errors/driver_location
</status>
</kw>
<kw name="Sleep" owner="BuiltIn">
<arg>3</arg>
<doc>Pauses the test executed for the given time.</doc>
<status status="NOT RUN" start="2025-11-25T12:26:05.454059" elapsed="0.000036"/>
</kw>
<kw name="Input Text" owner="SeleniumLibrary">
<arg>xpath=//*[@id="acnt_username"]</arg>
<arg>admin</arg>
<doc>Types the given ``text`` into the text field identified by ``locator``.</doc>
<status status="NOT RUN" start="2025-11-25T12:26:05.454208" elapsed="0.000029"/>
</kw>
<kw name="Sleep" owner="BuiltIn">
<arg>1</arg>
<doc>Pauses the test executed for the given time.</doc>
<status status="NOT RUN" start="2025-11-25T12:26:05.454330" elapsed="0.000027"/>
</kw>
<kw name="Input Text" owner="SeleniumLibrary">
<arg>xpath=//*[@id="acnt_passwd"]</arg>
<arg>admin</arg>
<doc>Types the given ``text`` into the text field identified by ``locator``.</doc>
<status status="NOT RUN" start="2025-11-25T12:26:05.454449" elapsed="0.000027"/>
</kw>
<kw name="Sleep" owner="BuiltIn">
<arg>1</arg>
<doc>Pauses the test executed for the given time.</doc>
<status status="NOT RUN" start="2025-11-25T12:26:05.454563" elapsed="0.000039"/>
</kw>
<kw name="Click Element" owner="SeleniumLibrary">
<arg>xpath=//*[@id="myButton"]</arg>
<doc>Click the element identified by ``locator``.</doc>
<status status="NOT RUN" start="2025-11-25T12:26:05.454706" elapsed="0.000025"/>
</kw>
<kw name="Sleep" owner="BuiltIn">
<arg>15</arg>
<doc>Pauses the test executed for the given time.</doc>
<status status="NOT RUN" start="2025-11-25T12:26:05.454824" elapsed="0.000025"/>
</kw>
<kw name="Wait Until Element Is Visible" owner="SeleniumLibrary">
<arg>xpath=//*[@id="menu_basic_setting"]</arg>
<arg>timeout=60</arg>
<doc>Waits until the element ``locator`` is visible.</doc>
<status status="NOT RUN" start="2025-11-25T12:26:05.455002" elapsed="0.000026"/>
</kw>
<kw name="Execute Javascript" owner="SeleniumLibrary">
<arg>document.body.style.zoom='0.5'</arg>
<doc>Executes the given JavaScript code with possible arguments.</doc>
<status status="NOT RUN" start="2025-11-25T12:26:05.455127" elapsed="0.000025"/>
</kw>
<kw name="Sleep" owner="BuiltIn">
<arg>1</arg>
<doc>Pauses the test executed for the given time.</doc>
<status status="NOT RUN" start="2025-11-25T12:26:05.455234" elapsed="0.000025"/>
</kw>
<arg>${HOST}</arg>
<status status="FAIL" start="2025-11-25T12:25:58.963320" elapsed="6.492058">NoSuchDriverException: Message: Unable to obtain driver for firefox; For documentation on this error, please visit: https://www.selenium.dev/documentation/webdriver/troubleshooting/errors/driver_location
</status>
</kw>
<kw name="Fw upgrade">
<status status="NOT RUN" start="2025-11-25T12:26:05.455542" elapsed="0.000032"/>
</kw>
<kw name="Close All Browsers" owner="SeleniumLibrary">
<doc>Closes all open browsers and resets the browser cache.</doc>
<status status="NOT RUN" start="2025-11-25T12:26:05.455666" elapsed="0.000027"/>
</kw>
<kw name="Check FW upgrade successful">
<arg>${HOST}</arg>
<status status="NOT RUN" start="2025-11-25T12:26:05.455810" elapsed="0.000029"/>
</kw>
<status status="FAIL" start="2025-11-25T12:25:58.962988" elapsed="6.493040">NoSuchDriverException: Message: Unable to obtain driver for firefox; For documentation on this error, please visit: https://www.selenium.dev/documentation/webdriver/troubleshooting/errors/driver_location
</status>
</kw>
<errors>
<msg time="2025-11-25T12:26:06.602667" level="ERROR">Execution stopped by user.</msg>
</errors>
</robot>
